<?xml version="1.0" encoding="UTF-8"?>
<!-- Generated by org.testng.reporters.JUnitXMLReporter -->
<testsuite ignored="6" hostname="Revs_Device" failures="0" tests="1" name="Default test" time="0.151" errors="0" timestamp="2023-09-05T18:02:24 IST">
  <testcase classname="com.saucelab.Testcases.LoginTest" name="Login_03" time="0.136"/>
  <testcase classname="com.saucelab.Testcases.LoginTest" name="VerifyPageTitle" time="0.0">
    <ignored/>
  </testcase> <!-- VerifyPageTitle -->
  <testcase classname="com.saucelab.Testcases.LoginTest" name="Login_01" time="0.0">
    <ignored/>
  </testcase> <!-- Login_01 -->
  <testcase classname="com.saucelab.Testcases.LoginTest" name="VerifyPageURL" time="0.0">
    <ignored/>
  </testcase> <!-- VerifyPageURL -->
  <testcase classname="com.saucelab.Testcases.LoginTest" name="VerifyPageLogo" time="0.0">
    <ignored/>
  </testcase> <!-- VerifyPageLogo -->
  <testcase classname="com.saucelab.Testcases.LoginTest" name="Login_02" time="0.0">
    <ignored/>
  </testcase> <!-- Login_02 -->
  <testcase classname="com.saucelab.Testcases.LoginTest" name="VerifyLabels" time="0.0">
    <ignored/>
  </testcase> <!-- VerifyLabels -->
</testsuite> <!-- Default test -->
