<?xml version="1.0" encoding="UTF-8"?>
<!-- Generated by org.testng.reporters.JUnitXMLReporter -->
<testsuite ignored="10" hostname="Revs_Device" failures="1" tests="14" name="Test" time="3.3" errors="0" timestamp="2023-09-05T16:47:05 IST">
  <testcase classname="com.saucelab.Testcases.LoginTest" name="VerifyLabels" time="0.046"/>
  <testcase classname="com.saucelab.Testcases.LoginTest" name="VerifyPageLogo" time="0.023"/>
  <testcase classname="com.saucelab.Testcases.LoginTest" name="VerifyPageTitle" time="0.009"/>
  <testcase classname="com.saucelab.Testcases.LoginTest" name="VerifyPageURL" time="0.006"/>
  <testcase classname="com.saucelab.Testcases.LoginTest" name="Login" time="0.879"/>
  <testcase classname="com.saucelab.Testcases.ProductPageTest" name="VerifyFilterDropDown" time="0.075"/>
  <testcase classname="com.saucelab.Testcases.ProductPageTest" name="verifyURL" time="0.007"/>
  <testcase classname="com.saucelab.Testcases.ProductPageTest" name="AddItemToCartTest" time="0.444"/>
  <testcase classname="com.saucelab.Testcases.YourCartPageTest" name="shoppingCartTest" time="0.391"/>
  <testcase classname="com.saucelab.Testcases.YourCartPageTest" name="verifyPageURL" time="0.008"/>
  <testcase classname="com.saucelab.Testcases.CheckoutInformationPageTest" name="verifylabels" time="0.041"/>
  <testcase classname="com.saucelab.Testcases.CheckoutInformationPageTest" name="yourinformationTest" time="0.5"/>
  <testcase classname="com.saucelab.Testcases.OverViewPageTest" name="OverviewTest" time="0.729"/>
  <testcase classname="com.saucelab.Testcases.FinishPageTest" name="FinishTest" time="0.004">
    <failure type="java.lang.AssertionError" message="expected [true] but found [false]">
      <![CDATA[java.lang.AssertionError: expected [true] but found [false]
at com.saucelab.Testcases.FinishPageTest.FinishTest(FinishPageTest.java:17)
at java.base/java.util.ArrayList.forEach(ArrayList.java:1511)
... Removed 34 stack frames]]>
    </failure>
  </testcase> <!-- FinishTest -->
  <testcase classname="org.rev.selenium.base.BaseClass" name="@AfterSuite tearDown" time="0.0">
    <ignored/>
  </testcase> <!-- @AfterSuite tearDown -->
  <testcase classname="org.rev.selenium.base.BaseClass" name="@BeforeSuite ApplicationSetup" time="0.0">
    <ignored/>
  </testcase> <!-- @BeforeSuite ApplicationSetup -->
  <testcase classname="org.rev.selenium.base.BaseClass" name="@AfterSuite tearDown" time="0.0">
    <ignored/>
  </testcase> <!-- @AfterSuite tearDown -->
  <testcase classname="org.rev.selenium.base.BaseClass" name="@AfterSuite tearDown" time="0.0">
    <ignored/>
  </testcase> <!-- @AfterSuite tearDown -->
  <testcase classname="org.rev.selenium.base.BaseClass" name="@BeforeSuite ApplicationSetup" time="0.0">
    <ignored/>
  </testcase> <!-- @BeforeSuite ApplicationSetup -->
  <testcase classname="org.rev.selenium.base.BaseClass" name="@BeforeSuite ApplicationSetup" time="0.0">
    <ignored/>
  </testcase> <!-- @BeforeSuite ApplicationSetup -->
  <testcase classname="org.rev.selenium.base.BaseClass" name="@AfterSuite tearDown" time="0.0">
    <ignored/>
  </testcase> <!-- @AfterSuite tearDown -->
  <testcase classname="org.rev.selenium.base.BaseClass" name="@AfterSuite tearDown" time="0.0">
    <ignored/>
  </testcase> <!-- @AfterSuite tearDown -->
  <testcase classname="org.rev.selenium.base.BaseClass" name="@BeforeSuite ApplicationSetup" time="0.0">
    <ignored/>
  </testcase> <!-- @BeforeSuite ApplicationSetup -->
  <testcase classname="org.rev.selenium.base.BaseClass" name="@BeforeSuite ApplicationSetup" time="0.0">
    <ignored/>
  </testcase> <!-- @BeforeSuite ApplicationSetup -->
</testsuite> <!-- Test -->
