<?xml version="1.0" encoding="UTF-8"?>
<testng-results ignored="0" total="2" passed="2" failed="0" skipped="0">
  <reporter-output>
  </reporter-output>
  <suite started-at="2023-09-06T13:00:01 IST" name="Default suite" finished-at="2023-09-06T13:00:03 IST" duration-ms="2084">
    <groups>
    </groups>
    <test started-at="2023-09-06T13:00:01 IST" name="Default test" finished-at="2023-09-06T13:00:03 IST" duration-ms="2084">
      <class name="com.saucelab.Testcases.OverViewPageTest">
        <test-method is-config="true" signature="ApplicationSetup()[pri:0, instance:com.saucelab.Testcases.OverViewPageTest@41da3aee]" started-at="2023-09-06T13:00:00 IST" name="ApplicationSetup" finished-at="2023-09-06T13:00:01 IST" duration-ms="131" status="PASS">
          <reporter-output>
          </reporter-output>
        </test-method> <!-- ApplicationSetup -->
        <test-method is-config="true" signature="testSetup()[pri:0, instance:com.saucelab.Testcases.OverViewPageTest@41da3aee]" started-at="2023-09-06T13:00:01 IST" name="testSetup" finished-at="2023-09-06T13:00:02 IST" duration-ms="1627" status="PASS">
          <reporter-output>
          </reporter-output>
        </test-method> <!-- testSetup -->
        <test-method signature="cancelCheckout()[pri:-1, instance:com.saucelab.Testcases.OverViewPageTest@41da3aee]" started-at="2023-09-06T13:00:02 IST" name="cancelCheckout" finished-at="2023-09-06T13:00:03 IST" duration-ms="314" status="PASS">
          <reporter-output>
          </reporter-output>
        </test-method> <!-- cancelCheckout -->
        <test-method signature="OverviewTest()[pri:0, instance:com.saucelab.Testcases.OverViewPageTest@41da3aee]" started-at="2023-09-06T13:00:03 IST" name="OverviewTest" finished-at="2023-09-06T13:00:03 IST" duration-ms="124" status="PASS">
          <reporter-output>
          </reporter-output>
        </test-method> <!-- OverviewTest -->
        <test-method is-config="true" signature="tearDown()[pri:0, instance:com.saucelab.Testcases.OverViewPageTest@41da3aee]" started-at="2023-09-06T13:00:03 IST" name="tearDown" finished-at="2023-09-06T13:00:03 IST" duration-ms="84" status="PASS">
          <reporter-output>
          </reporter-output>
        </test-method> <!-- tearDown -->
      </class> <!-- com.saucelab.Testcases.OverViewPageTest -->
    </test> <!-- Default test -->
  </suite> <!-- Default suite -->
</testng-results>
